0 info it worked if it ends with ok
1 verbose cli [ 'node', '/usr/local/bin/npm', 'publish' ]
2 info using npm@1.1.65
3 info using node@v0.8.8
4 verbose node symlink /usr/local/bin/node
5 verbose publish [ '.' ]
6 verbose read json /Users/xiaye/project/opencomb/node_modules/occlass/package.json
7 warn package.json occlass@0.1.0 No README.md file found!
8 verbose cache add [ '.', null ]
9 silly cache add name=undefined spec="." args=[".",null]
10 verbose parsed url { pathname: '.', path: '.', href: '.' }
11 silly lockFile 3a52ce78- .
12 verbose lock . /Users/alee/.npm/3a52ce78-.lock
13 verbose read json package.json
14 verbose tar pack [ '/var/folders/91/_hzqgdyx6s13f9bs0ybvspk80000gq/T/npm-4521/1365440334020-0.4901858631055802/tmp.tgz',
14 verbose tar pack   '.' ]
15 verbose tarball /var/folders/91/_hzqgdyx6s13f9bs0ybvspk80000gq/T/npm-4521/1365440334020-0.4901858631055802/tmp.tgz
16 verbose folder .
17 info prepublish occlass@0.1.0
18 silly lockFile c7b010ae-34020-0-4901858631055802-tmp-tgz /var/folders/91/_hzqgdyx6s13f9bs0ybvspk80000gq/T/npm-4521/1365440334020-0.4901858631055802/tmp.tgz
19 verbose lock /var/folders/91/_hzqgdyx6s13f9bs0ybvspk80000gq/T/npm-4521/1365440334020-0.4901858631055802/tmp.tgz /Users/alee/.npm/c7b010ae-34020-0-4901858631055802-tmp-tgz.lock
20 silly lockFile c7b010ae-34020-0-4901858631055802-tmp-tgz /var/folders/91/_hzqgdyx6s13f9bs0ybvspk80000gq/T/npm-4521/1365440334020-0.4901858631055802/tmp.tgz
21 verbose tar unpack /var/folders/91/_hzqgdyx6s13f9bs0ybvspk80000gq/T/npm-4521/1365440334020-0.4901858631055802/tmp.tgz
22 silly lockFile eb58d657-34020-0-4901858631055802-package /var/folders/91/_hzqgdyx6s13f9bs0ybvspk80000gq/T/npm-4521/1365440334020-0.4901858631055802/package
23 verbose lock /var/folders/91/_hzqgdyx6s13f9bs0ybvspk80000gq/T/npm-4521/1365440334020-0.4901858631055802/package /Users/alee/.npm/eb58d657-34020-0-4901858631055802-package.lock
24 silly gunzTarPerm modes [ '755', '644' ]
25 silly gunzTarPerm extractEntry package.json
26 silly gunzTarPerm extractEntry .npmignore
27 silly gunzTarPerm extractEntry README.md
28 silly gunzTarPerm extractEntry lib/Class.js
29 verbose read json /var/folders/91/_hzqgdyx6s13f9bs0ybvspk80000gq/T/npm-4521/1365440334020-0.4901858631055802/package/package.json
30 silly lockFile eb58d657-34020-0-4901858631055802-package /var/folders/91/_hzqgdyx6s13f9bs0ybvspk80000gq/T/npm-4521/1365440334020-0.4901858631055802/package
31 verbose from cache /var/folders/91/_hzqgdyx6s13f9bs0ybvspk80000gq/T/npm-4521/1365440334020-0.4901858631055802/package/package.json
32 verbose tar pack [ '/Users/alee/.npm/occlass/0.1.0/package.tgz',
32 verbose tar pack   '/var/folders/91/_hzqgdyx6s13f9bs0ybvspk80000gq/T/npm-4521/1365440334020-0.4901858631055802/package' ]
33 verbose tarball /Users/alee/.npm/occlass/0.1.0/package.tgz
34 verbose folder /var/folders/91/_hzqgdyx6s13f9bs0ybvspk80000gq/T/npm-4521/1365440334020-0.4901858631055802/package
35 silly lockFile 7de413fd-ee-npm-occlass-0-1-0-package-tgz /Users/alee/.npm/occlass/0.1.0/package.tgz
36 verbose lock /Users/alee/.npm/occlass/0.1.0/package.tgz /Users/alee/.npm/7de413fd-ee-npm-occlass-0-1-0-package-tgz.lock
37 silly lockFile 7de413fd-ee-npm-occlass-0-1-0-package-tgz /Users/alee/.npm/occlass/0.1.0/package.tgz
38 silly lockFile 7e85d8c9-s-alee-npm-occlass-0-1-0-package /Users/alee/.npm/occlass/0.1.0/package
39 verbose lock /Users/alee/.npm/occlass/0.1.0/package /Users/alee/.npm/7e85d8c9-s-alee-npm-occlass-0-1-0-package.lock
40 silly lockFile 7e85d8c9-s-alee-npm-occlass-0-1-0-package /Users/alee/.npm/occlass/0.1.0/package
41 verbose tar unpack /Users/alee/.npm/occlass/0.1.0/package.tgz
42 silly lockFile 7e85d8c9-s-alee-npm-occlass-0-1-0-package /Users/alee/.npm/occlass/0.1.0/package
43 verbose lock /Users/alee/.npm/occlass/0.1.0/package /Users/alee/.npm/7e85d8c9-s-alee-npm-occlass-0-1-0-package.lock
44 silly gunzTarPerm modes [ '755', '644' ]
45 silly gunzTarPerm extractEntry package.json
46 silly gunzTarPerm extractEntry .npmignore
47 silly gunzTarPerm extractEntry README.md
48 silly gunzTarPerm extractEntry lib/Class.js
49 verbose read json /Users/alee/.npm/occlass/0.1.0/package/package.json
50 silly lockFile 7e85d8c9-s-alee-npm-occlass-0-1-0-package /Users/alee/.npm/occlass/0.1.0/package
51 silly shasum updated bytes 1707
52 info shasum 874b00de6fafa67db7b053545accc69ab5d95359
52 info shasum /Users/alee/.npm/occlass/0.1.0/package.tgz
53 verbose from cache /Users/alee/.npm/occlass/0.1.0/package/package.json
54 verbose chmod /Users/alee/.npm/occlass/0.1.0/package.tgz 644
55 verbose chown /Users/alee/.npm/occlass/0.1.0/package.tgz [ 503, 20 ]
56 silly lockFile 3a52ce78- .
57 silly publish { name: 'occlass',
57 silly publish   version: '0.1.0',
57 silly publish   description: 'implement oop feature for node.js',
57 silly publish   main: 'lib/Class.js',
57 silly publish   scripts: { test: 'echo "Error: no test specified" && exit 1' },
57 silly publish   repository: '',
57 silly publish   author: { name: 'alee chou' },
57 silly publish   license: 'MIT',
57 silly publish   directories: { lib: './lib' },
57 silly publish   dependencies: {},
57 silly publish   readme: 'ERROR: No README.md file found!',
57 silly publish   readmeFilename: 'README.md',
57 silly publish   _id: 'occlass@0.1.0',
57 silly publish   dist: { shasum: '874b00de6fafa67db7b053545accc69ab5d95359' } }
58 verbose url raw occlass
59 verbose url resolving [ 'https://registry.npmjs.org/', './occlass' ]
60 verbose url resolved https://registry.npmjs.org/occlass
61 info trying registry request attempt 1 at 00:58:55
62 http PUT https://registry.npmjs.org/occlass
63 http 403 https://registry.npmjs.org/occlass
64 error publish Failed PUT response 403
65 error Error: forbidden New packages must have all-lowercase names: occlass
65 error     at RegClient.<anonymous> (/usr/local/lib/node_modules/npm/node_modules/npm-registry-client/lib/request.js:259:14)
65 error     at Request.init.self.callback (/usr/local/lib/node_modules/npm/node_modules/request/main.js:120:22)
65 error     at Request.EventEmitter.emit (events.js:91:17)
65 error     at Request.<anonymous> (/usr/local/lib/node_modules/npm/node_modules/request/main.js:648:16)
65 error     at Request.EventEmitter.emit (events.js:115:20)
65 error     at IncomingMessage.Request.start.self.req.self.httpModule.request.buffer (/usr/local/lib/node_modules/npm/node_modules/request/main.js:610:14)
65 error     at IncomingMessage.EventEmitter.emit (events.js:115:20)
65 error     at IncomingMessage._emitEnd (http.js:366:10)
65 error     at HTTPParser.parserOnMessageComplete [as onMessageComplete] (http.js:149:23)
65 error     at CleartextStream.socketOnData [as ondata] (http.js:1366:20)
66 error If you need help, you may report this log at:
66 error     <http://github.com/isaacs/npm/issues>
66 error or email it to:
66 error     <npm-@googlegroups.com>
67 error System Darwin 12.3.0
68 error command "node" "/usr/local/bin/npm" "publish"
69 error cwd /Users/xiaye/project/opencomb/node_modules/occlass
70 error node -v v0.8.8
71 error npm -v 1.1.65
72 verbose exit [ 1, true ]
